-------------------------------------------------------------------------------
Test set: GreetTest
-------------------------------------------------------------------------------
Tests run: 5, Failures: 1, Errors: 0, Skipped: 0, Time elapsed: 0.064 s <<< FAILURE! - in GreetTest
greetRemoveUserName  Time elapsed: 0.02 s  <<< FAILURE!
org.opentest4j.AssertionFailedError: expected: <5> but was: <7>
	at GreetTest.greetRemoveUserName(GreetTest.java:68)

